0; 0.253112
1; 0.219466
2; 0.217007
3; 0.217010
4; 0.217121
5; 0.217177
6; 0.217200
7; 0.217208
8; 0.217212
9; 0.217213
10; 0.217214
11; 0.217214
12; 0.217214
13; 0.217214
14; 0.217214
15; 0.217214
16; 0.217214
17; 0.217214
18; 0.217214
19; 0.217214
20; 0.217214
21; 0.217214
22; 0.217214
23; 0.217214
24; 0.217214
25; 0.217214
26; 0.217214
27; 0.217214
28; 0.217214
29; 0.217214
30; 0.217214
31; 0.217214
32; 0.217214
33; 0.217214
34; 0.217214
35; 0.217214
36; 0.217214
37; 0.217214
38; 0.217214
39; 0.217214
40; 0.217214
41; 0.217214
42; 0.217214
43; 0.217214
44; 0.217214
45; 0.217214
46; 0.217214
47; 0.217214
48; 0.217214
49; 0.217214
50; 0.217214
51; 0.217214
52; 0.217214
53; 0.217214
54; 0.217214
55; 0.217214
56; 0.217214
57; 0.217214
58; 0.217214
59; 0.217214
60; 0.217214
61; 0.217214
62; 0.217214
63; 0.217214
64; 0.217214
65; 0.217214
66; 0.217214
67; 0.217214
68; 0.217214
69; 0.217214
70; 0.217214
71; 0.217214
72; 0.217214
73; 0.217214
74; 0.217214
75; 0.217214
76; 0.217214
77; 0.217214
78; 0.217214
79; 0.217214
80; 0.217214
81; 0.217214
82; 0.217214
83; 0.217214
84; 0.217214
85; 0.217214
86; 0.217214
87; 0.217214
88; 0.217214
89; 0.217214
90; 0.217214
91; 0.217214
92; 0.217214
93; 0.217214
94; 0.217214
95; 0.217214
96; 0.217214
97; 0.217214
98; 0.217214
99; 0.217214
100; 0.217214
101; 0.217214
102; 0.217214
103; 0.217214
104; 0.217214
105; 0.217214
106; 0.217214
107; 0.217214
108; 0.217214
109; 0.217214
110; 0.217214
111; 0.217214
112; 0.217214
113; 0.217214
114; 0.217214
115; 0.217214
116; 0.217214
117; 0.217214
118; 0.217214
119; 0.217214
120; 0.217214
121; 0.217214
122; 0.217214
123; 0.217214
124; 0.217214
125; 0.217214
126; 0.217214
127; 0.217214
128; 0.217214
129; 0.217214
130; 0.217214
131; 0.217214
132; 0.217214
133; 0.217214
134; 0.217214
135; 0.217214
136; 0.217214
137; 0.217214
138; 0.217214
139; 0.217214
140; 0.217214
141; 0.217214
142; 0.217214
143; 0.217214
144; 0.217214
145; 0.217214
146; 0.217214
147; 0.217214
148; 0.217214
149; 0.217214
150; 0.217214
151; 0.217214
152; 0.217214
153; 0.217214
154; 0.217214
155; 0.217214
156; 0.217214
157; 0.217214
158; 0.217214
159; 0.217214
160; 0.217214
161; 0.217214
162; 0.217214
163; 0.217214
164; 0.217214
165; 0.217214
166; 0.217214
167; 0.217214
168; 0.217214
169; 0.217214
170; 0.217214
171; 0.217214
172; 0.217214
173; 0.217214
174; 0.217214
175; 0.217214
176; 0.217214
177; 0.217214
178; 0.217214
179; 0.217214
180; 0.217214
181; 0.217214
182; 0.217214
183; 0.217214
184; 0.217214
185; 0.217214
186; 0.217214
187; 0.217214
188; 0.217214
189; 0.217214
190; 0.217214
191; 0.217214
192; 0.217214
193; 0.217214
194; 0.217214
195; 0.217214
196; 0.217214
197; 0.217214
198; 0.217214
199; 0.217214
200; 0.217214
201; 0.217214
202; 0.217214
203; 0.217214
204; 0.217214
205; 0.217214
206; 0.217214
207; 0.217214
208; 0.217214
209; 0.217214
210; 0.217214
211; 0.217214
212; 0.217214
213; 0.217214
214; 0.217214
215; 0.217214
216; 0.217214
217; 0.217214
218; 0.217214
219; 0.217214
220; 0.217214
221; 0.217214
222; 0.217214
223; 0.217214
224; 0.217214
225; 0.217214
226; 0.217214
227; 0.217214
228; 0.217214
229; 0.217214
230; 0.217214
231; 0.217214
232; 0.217214
233; 0.217214
234; 0.217214
235; 0.217214
236; 0.217214
237; 0.217214
238; 0.217214
239; 0.217214
240; 0.217214
241; 0.217214
242; 0.217214
243; 0.217214
244; 0.217214
245; 0.217214
246; 0.217214
247; 0.217214
248; 0.217214
249; 0.217214
250; 0.217214
251; 0.217214
252; 0.217214
253; 0.217214
254; 0.217214
255; 0.217214
256; 0.217214
257; 0.217214
258; 0.217214
259; 0.217214
260; 0.217214
261; 0.217214
262; 0.217214
263; 0.217214
264; 0.217214
265; 0.217214
266; 0.217214
267; 0.217214
268; 0.217214
269; 0.217214
270; 0.217214
271; 0.217214
272; 0.217214
273; 0.217214
274; 0.217214
275; 0.217214
276; 0.217214
277; 0.217214
278; 0.217214
279; 0.217214
280; 0.217214
281; 0.217214
282; 0.217214
283; 0.217214
284; 0.217214
285; 0.217214
286; 0.217214
287; 0.217214
288; 0.217214
289; 0.217214
290; 0.217214
291; 0.217214
292; 0.217214
293; 0.217214
294; 0.217214
295; 0.217214
296; 0.217214
297; 0.217214
298; 0.217214
299; 0.217214
300; 0.217214
301; 0.217214
302; 0.217214
303; 0.217214
304; 0.217214
305; 0.217214
306; 0.217214
307; 0.217214
308; 0.217214
309; 0.217214
310; 0.217214
311; 0.217214
312; 0.217214
313; 0.217214
314; 0.217214
315; 0.217214
316; 0.217214
317; 0.217214
318; 0.217214
319; 0.217214
320; 0.217214
321; 0.217214
322; 0.217214
323; 0.217214
324; 0.217214
325; 0.217214
326; 0.217214
327; 0.217214
328; 0.217214
329; 0.217214
330; 0.217214
331; 0.217214
332; 0.217214
333; 0.217214
334; 0.217214
335; 0.217214
336; 0.217214
337; 0.217214
338; 0.217214
339; 0.217214
340; 0.217214
341; 0.217214
342; 0.217214
343; 0.217214
344; 0.217214
345; 0.217214
346; 0.217214
347; 0.217214
348; 0.217214
349; 0.217214
350; 0.217214
351; 0.217214
352; 0.217214
353; 0.217214
354; 0.217214
355; 0.217214
356; 0.217214
357; 0.217214
358; 0.217214
359; 0.217214
360; 0.217214
361; 0.217214
362; 0.217214
363; 0.217214
364; 0.217214
365; 0.217214
366; 0.217214
367; 0.217214
368; 0.217214
369; 0.217214
370; 0.217214
371; 0.217214
372; 0.217214
373; 0.217214
374; 0.217214
375; 0.217214
376; 0.217214
377; 0.217214
378; 0.217214
379; 0.217214
380; 0.217214
381; 0.217214
382; 0.217214
383; 0.217214
384; 0.217214
385; 0.217214
386; 0.217214
387; 0.217214
388; 0.217214
389; 0.217214
390; 0.217214
391; 0.217214
392; 0.217214
393; 0.217214
394; 0.217214
395; 0.217214
396; 0.217214
397; 0.217214
398; 0.217214
399; 0.217214
400; 0.217214
401; 0.217214
402; 0.217214
403; 0.217214
404; 0.217214
405; 0.217214
406; 0.217214
407; 0.217214
408; 0.217214
409; 0.217214
410; 0.217214
411; 0.217214
412; 0.217214
413; 0.217214
414; 0.217214
415; 0.217214
416; 0.217214
417; 0.217214
418; 0.217214
419; 0.217214
420; 0.217214
421; 0.217214
422; 0.217214
423; 0.217214
424; 0.217214
425; 0.217214
426; 0.217214
427; 0.217214
428; 0.217214
429; 0.217214
430; 0.217214
431; 0.217214
432; 0.217214
433; 0.217214
434; 0.217214
435; 0.217214
436; 0.217214
437; 0.217214
438; 0.217214
439; 0.217214
440; 0.217214
441; 0.217214
442; 0.217214
443; 0.217214
444; 0.217214
445; 0.217214
446; 0.217214
447; 0.217214
448; 0.217214
449; 0.217214
450; 0.217214
451; 0.217214
452; 0.217214
453; 0.217214
454; 0.217214
455; 0.217214
456; 0.217214
457; 0.217214
458; 0.217214
459; 0.217214
460; 0.217214
461; 0.217214
462; 0.217214
463; 0.217214
464; 0.217214
465; 0.217214
466; 0.217214
467; 0.217214
468; 0.217214
469; 0.217214
470; 0.217214
471; 0.217214
472; 0.217214
473; 0.217214
474; 0.217214
475; 0.217214
476; 0.217214
477; 0.217214
478; 0.217214
479; 0.217214
480; 0.217214
481; 0.217214
482; 0.217214
483; 0.217214
484; 0.217214
485; 0.217214
486; 0.217214
487; 0.217214
488; 0.217214
489; 0.217214
490; 0.217214
491; 0.217214
492; 0.217214
493; 0.217214
494; 0.217214
495; 0.217214
496; 0.217214
497; 0.217214
498; 0.217214
499; 0.217214
500; 0.217214
501; 0.217214
502; 0.217214
503; 0.217214
504; 0.217214
505; 0.217214
506; 0.217214
507; 0.217214
508; 0.217214
509; 0.217214
510; 0.217214
511; 0.217214
512; 0.217214
513; 0.217214
514; 0.217214
515; 0.217214
516; 0.217214
517; 0.217214
518; 0.217214
519; 0.217214
520; 0.217214
521; 0.217214
522; 0.217214
523; 0.217214
524; 0.217214
525; 0.217214
526; 0.217214
527; 0.217214
528; 0.217214
529; 0.217214
530; 0.217214
531; 0.217214
532; 0.217214
533; 0.217214
534; 0.217214
535; 0.217214
536; 0.217214
537; 0.217214
538; 0.217214
539; 0.217214
540; 0.217214
541; 0.217214
542; 0.217214
543; 0.217214
544; 0.217214
545; 0.217214
546; 0.217214
547; 0.217214
548; 0.217214
549; 0.217214
550; 0.217214
551; 0.217214
552; 0.217214
553; 0.217214
554; 0.217214
555; 0.217214
556; 0.217214
557; 0.217214
558; 0.217214
559; 0.217214
560; 0.217214
561; 0.217214
562; 0.217214
563; 0.217214
564; 0.217214
565; 0.217214
566; 0.217214
567; 0.217214
568; 0.217214
569; 0.217214
570; 0.217214
571; 0.217214
572; 0.217214
573; 0.217214
574; 0.217214
575; 0.217214
576; 0.217214
577; 0.217214
578; 0.217214
579; 0.217214
580; 0.217214
581; 0.217214
582; 0.217214
583; 0.217214
584; 0.217214
585; 0.217214
586; 0.217214
587; 0.217214
588; 0.217214
589; 0.217214
590; 0.217214
591; 0.217214
592; 0.217214
593; 0.217214
594; 0.217214
595; 0.217214
596; 0.217214
597; 0.217214
598; 0.217214
599; 0.217214
600; 0.217214
601; 0.217214
602; 0.217214
603; 0.217214
604; 0.217214
605; 0.217214
606; 0.217214
607; 0.217214
608; 0.217214
609; 0.217214
610; 0.217214
611; 0.217214
612; 0.217214
613; 0.217214
614; 0.217214
615; 0.217214
616; 0.217214
617; 0.217214
618; 0.217214
619; 0.217214
620; 0.217214
621; 0.217214
622; 0.217214
623; 0.217214
624; 0.217214
625; 0.217214
626; 0.217214
627; 0.217214
628; 0.217214
629; 0.217214
630; 0.217214
631; 0.217214
632; 0.217214
633; 0.217214
634; 0.217214
635; 0.217214
636; 0.217214
637; 0.217214
638; 0.217214
639; 0.217214
640; 0.217214
641; 0.217214
642; 0.217214
643; 0.217214
644; 0.217214
645; 0.217214
646; 0.217214
647; 0.217214
648; 0.217214
649; 0.217214
650; 0.217214
651; 0.217214
652; 0.217214
653; 0.217214
654; 0.217214
655; 0.217214
656; 0.217214
657; 0.217214
658; 0.217214
659; 0.217214
660; 0.217214
661; 0.217214
662; 0.217214
663; 0.217214
664; 0.217214
665; 0.217214
666; 0.217214
667; 0.217214
668; 0.217214
669; 0.217214
670; 0.217214
671; 0.217214
672; 0.217214
673; 0.217214
674; 0.217214
675; 0.217214
676; 0.217214
677; 0.217214
678; 0.217214
679; 0.217214
680; 0.217214
681; 0.217214
682; 0.217214
683; 0.217214
684; 0.217214
685; 0.217214
686; 0.217214
687; 0.217214
688; 0.217214
689; 0.217214
690; 0.217214
691; 0.217214
692; 0.217214
693; 0.217214
694; 0.217214
695; 0.217214
696; 0.217214
697; 0.217214
698; 0.217214
699; 0.217214
700; 0.217214
701; 0.217214
702; 0.217214
703; 0.217214
704; 0.217214
705; 0.217214
706; 0.217214
707; 0.217214
708; 0.217214
709; 0.217214
710; 0.217214
711; 0.217214
712; 0.217214
713; 0.217214
714; 0.217214
715; 0.217214
716; 0.217214
717; 0.217214
718; 0.217214
719; 0.217214
720; 0.217214
721; 0.217214
722; 0.217214
723; 0.217214
724; 0.217214
725; 0.217214
726; 0.217214
727; 0.217214
728; 0.217214
729; 0.217214
730; 0.217214
731; 0.217214
732; 0.217214
733; 0.217214
734; 0.217214
735; 0.217214
736; 0.217214
737; 0.217214
738; 0.217214
739; 0.217214
740; 0.217214
741; 0.217214
742; 0.217214
743; 0.217214
744; 0.217214
745; 0.217214
746; 0.217214
747; 0.217214
748; 0.217214
749; 0.217214
750; 0.217214
751; 0.217214
752; 0.217214
753; 0.217214
754; 0.217214
755; 0.217214
756; 0.217214
757; 0.217214
758; 0.217214
759; 0.217214
760; 0.217214
761; 0.217214
762; 0.217214
763; 0.217214
764; 0.217214
765; 0.217214
766; 0.217214
767; 0.217214
768; 0.217214
769; 0.217214
770; 0.217214
771; 0.217214
772; 0.217214
773; 0.217214
774; 0.217214
775; 0.217214
776; 0.217214
777; 0.217214
778; 0.217214
779; 0.217214
780; 0.217214
781; 0.217214
782; 0.217214
783; 0.217214
784; 0.217214
785; 0.217214
786; 0.217214
787; 0.217214
788; 0.217214
789; 0.217214
790; 0.217214
791; 0.217214
792; 0.217214
793; 0.217214
794; 0.217214
795; 0.217214
796; 0.217214
797; 0.217214
798; 0.217214
799; 0.217214
800; 0.217214
801; 0.217214
802; 0.217214
803; 0.217214
804; 0.217214
805; 0.217214
806; 0.217214
807; 0.217214
808; 0.217214
809; 0.217214
810; 0.217214
811; 0.217214
812; 0.217214
813; 0.217214
814; 0.217214
815; 0.217214
816; 0.217214
817; 0.217214
818; 0.217214
819; 0.217214
820; 0.217214
821; 0.217214
822; 0.217214
823; 0.217214
824; 0.217214
825; 0.217214
826; 0.217214
827; 0.217214
828; 0.217214
829; 0.217214
830; 0.217214
831; 0.217214
832; 0.217214
833; 0.217214
834; 0.217214
835; 0.217214
836; 0.217214
837; 0.217214
838; 0.217214
839; 0.217214
840; 0.217214
841; 0.217214
842; 0.217214
843; 0.217214
844; 0.217214
845; 0.217214
846; 0.217214
847; 0.217214
848; 0.217214
849; 0.217214
850; 0.217214
851; 0.217214
852; 0.217214
853; 0.217214
854; 0.217214
855; 0.217214
856; 0.217214
857; 0.217214
858; 0.217214
859; 0.217214
860; 0.217214
861; 0.217214
862; 0.217214
863; 0.217214
864; 0.217214
865; 0.217214
866; 0.217214
867; 0.217214
868; 0.217214
869; 0.217214
870; 0.217214
871; 0.217214
872; 0.217214
873; 0.217214
874; 0.217214
875; 0.217214
876; 0.217214
877; 0.217214
878; 0.217214
879; 0.217214
880; 0.217214
881; 0.217214
882; 0.217214
883; 0.217214
884; 0.217214
885; 0.217214
886; 0.217214
887; 0.217214
888; 0.217214
889; 0.217214
890; 0.217214
891; 0.217214
892; 0.217214
893; 0.217214
894; 0.217214
895; 0.217214
896; 0.217214
897; 0.217214
898; 0.217214
899; 0.217214
900; 0.217214
901; 0.217214
902; 0.217214
903; 0.217214
904; 0.217214
905; 0.217214
906; 0.217214
907; 0.217214
908; 0.217214
909; 0.217214
910; 0.217214
911; 0.217214
912; 0.217214
913; 0.217214
914; 0.217214
915; 0.217214
916; 0.217214
917; 0.217214
918; 0.217214
919; 0.217214
920; 0.217214
921; 0.217214
922; 0.217214
923; 0.217214
924; 0.217214
925; 0.217214
926; 0.217214
927; 0.217214
928; 0.217214
929; 0.217214
930; 0.217214
931; 0.217214
932; 0.217214
933; 0.217214
934; 0.217214
935; 0.217214
936; 0.217214
937; 0.217214
938; 0.217214
939; 0.217214
940; 0.217214
941; 0.217214
942; 0.217214
943; 0.217214
944; 0.217214
945; 0.217214
946; 0.217214
947; 0.217214
948; 0.217214
949; 0.217214
950; 0.217214
951; 0.217214
952; 0.217214
953; 0.217214
954; 0.217214
955; 0.217214
956; 0.217214
957; 0.217214
958; 0.217214
959; 0.217214
960; 0.217214
961; 0.217214
962; 0.217214
963; 0.217214
964; 0.217214
965; 0.217214
966; 0.217214
967; 0.217214
968; 0.217214
969; 0.217214
970; 0.217214
971; 0.217214
972; 0.217214
973; 0.217214
974; 0.217214
975; 0.217214
976; 0.217214
977; 0.217214
978; 0.217214
979; 0.217214
980; 0.217214
981; 0.217214
982; 0.217214
983; 0.217214
984; 0.217214
985; 0.217214
986; 0.217214
987; 0.217214
988; 0.217214
989; 0.217214
990; 0.217214
991; 0.217214
992; 0.217214
993; 0.217214
994; 0.217214
995; 0.217214
996; 0.217214
997; 0.217214
998; 0.217214
999; 0.217214
