0; 0.253112
1; 0.219466
2; 0.217007
3; 0.217010
4; 0.217121
5; 0.217177
6; 0.217200
7; 0.217208
8; 0.217212
9; 0.217213
10; 0.217214
11; 0.217214
12; 0.217214
13; 0.217214
14; 0.217214
15; 0.217214
16; 0.217214
17; 0.217214
18; 0.217214
19; 0.217214
20; 0.217214
21; 0.217214
22; 0.217214
23; 0.217214
24; 0.217214
25; 0.217214
26; 0.217214
27; 0.217214
28; 0.217214
29; 0.217214
30; 0.217214
31; 0.217214
32; 0.217214
33; 0.217214
34; 0.217214
35; 0.217214
36; 0.217214
37; 0.217214
38; 0.217214
39; 0.217214
40; 0.217214
41; 0.217214
42; 0.217214
43; 0.217214
44; 0.217214
45; 0.217214
46; 0.217214
47; 0.217214
48; 0.217214
49; 0.217214
50; 0.217214
51; 0.217214
52; 0.217214
53; 0.217214
54; 0.217214
55; 0.217214
56; 0.217214
57; 0.217214
58; 0.217214
59; 0.217214
60; 0.217214
61; 0.217214
62; 0.217214
63; 0.217214
64; 0.217214
65; 0.217214
66; 0.217214
67; 0.217214
68; 0.217214
69; 0.217214
70; 0.217214
71; 0.217214
72; 0.217214
73; 0.217214
74; 0.217214
75; 0.217214
76; 0.217214
77; 0.217214
78; 0.217214
79; 0.217214
80; 0.217214
81; 0.217214
82; 0.217214
83; 0.217214
84; 0.217214
85; 0.217214
86; 0.217214
87; 0.217214
88; 0.217214
89; 0.217214
90; 0.217214
91; 0.217214
92; 0.217214
93; 0.217214
94; 0.217214
95; 0.217214
96; 0.217214
97; 0.217214
98; 0.217214
99; 0.217214
100; 0.217214
101; 0.217214
102; 0.217214
103; 0.217214
104; 0.217214
105; 0.217214
106; 0.217214
107; 0.217214
108; 0.217214
109; 0.217214
110; 0.217214
111; 0.217214
112; 0.217214
113; 0.217214
114; 0.217214
115; 0.217214
116; 0.217214
117; 0.217214
118; 0.217214
119; 0.217214
120; 0.217214
121; 0.217214
122; 0.217214
123; 0.217214
124; 0.217214
125; 0.217214
126; 0.217214
127; 0.217214
128; 0.217214
129; 0.217214
130; 0.217214
131; 0.217214
132; 0.217214
133; 0.217214
134; 0.217214
135; 0.217214
136; 0.217214
137; 0.217214
138; 0.217214
139; 0.217214
140; 0.217214
141; 0.217214
142; 0.217214
143; 0.217214
144; 0.217214
145; 0.217214
146; 0.217214
147; 0.217214
148; 0.217214
149; 0.217214
150; 0.217214
151; 0.217214
152; 0.217214
153; 0.217214
154; 0.217214
155; 0.217214
156; 0.217214
157; 0.217214
158; 0.217214
159; 0.217214
160; 0.217214
161; 0.217214
162; 0.217214
163; 0.217214
164; 0.217214
165; 0.217214
166; 0.217214
167; 0.217214
168; 0.217214
169; 0.217214
170; 0.217214
171; 0.217214
172; 0.217214
173; 0.217214
174; 0.217214
175; 0.217214
176; 0.217214
177; 0.217214
178; 0.217214
179; 0.217214
180; 0.217214
181; 0.217214
182; 0.217214
183; 0.217214
184; 0.217214
185; 0.217214
186; 0.217214
187; 0.217214
188; 0.217214
189; 0.217214
190; 0.217214
191; 0.217214
192; 0.217214
193; 0.217214
194; 0.217214
195; 0.217214
196; 0.217214
197; 0.217214
198; 0.217214
199; 0.217214
200; 0.217214
201; 0.217214
202; 0.217214
203; 0.217214
204; 0.217214
205; 0.217214
206; 0.217214
207; 0.217214
208; 0.217214
209; 0.217214
210; 0.217214
211; 0.217214
212; 0.217214
213; 0.217214
214; 0.217214
215; 0.217214
216; 0.217214
217; 0.217214
218; 0.217214
219; 0.217214
220; 0.217214
221; 0.217214
222; 0.217214
223; 0.217214
224; 0.217214
225; 0.217214
226; 0.217214
227; 0.217214
228; 0.217214
229; 0.217214
230; 0.217214
231; 0.217214
232; 0.217214
233; 0.217214
234; 0.217214
235; 0.217214
236; 0.217214
237; 0.217214
238; 0.217214
239; 0.217214
240; 0.217214
241; 0.217214
242; 0.217214
243; 0.217214
244; 0.217214
245; 0.217214
246; 0.217214
247; 0.217214
248; 0.217214
249; 0.217214
250; 0.217214
251; 0.217214
252; 0.217214
253; 0.217214
254; 0.217214
255; 0.217214
256; 0.217214
257; 0.217214
258; 0.217214
259; 0.217214
260; 0.217214
261; 0.217214
262; 0.217214
263; 0.217214
264; 0.217214
265; 0.217214
266; 0.217214
267; 0.217214
268; 0.217214
269; 0.217214
270; 0.217214
271; 0.217214
272; 0.217214
273; 0.217214
274; 0.217214
275; 0.217214
276; 0.217214
277; 0.217214
278; 0.217214
279; 0.217214
280; 0.217214
281; 0.217214
282; 0.217214
283; 0.217214
284; 0.217214
285; 0.217214
286; 0.217214
287; 0.217214
288; 0.217214
289; 0.217214
290; 0.217214
291; 0.217214
292; 0.217214
293; 0.217214
294; 0.217214
295; 0.217214
296; 0.217214
297; 0.217214
298; 0.217214
299; 0.217214
300; 0.217214
301; 0.217214
302; 0.217214
303; 0.217214
304; 0.217214
305; 0.217214
306; 0.217214
307; 0.217214
308; 0.217214
309; 0.217214
310; 0.217214
311; 0.217214
312; 0.217214
313; 0.217214
314; 0.217214
315; 0.217214
316; 0.217214
317; 0.217214
318; 0.217214
319; 0.217214
320; 0.217214
321; 0.217214
322; 0.217214
323; 0.217214
324; 0.217214
325; 0.217214
326; 0.217214
327; 0.217214
328; 0.217214
329; 0.217214
330; 0.217214
331; 0.217214
332; 0.217214
333; 0.217214
334; 0.217214
335; 0.217214
336; 0.217214
337; 0.217214
338; 0.217214
339; 0.217214
340; 0.217214
341; 0.217214
342; 0.217214
343; 0.217214
344; 0.217214
345; 0.217214
346; 0.217214
347; 0.217214
348; 0.217214
349; 0.217214
350; 0.217214
351; 0.217214
352; 0.217214
353; 0.217214
354; 0.217214
355; 0.217214
356; 0.217214
357; 0.217214
358; 0.217214
359; 0.217214
360; 0.217214
361; 0.217214
362; 0.217214
363; 0.217214
364; 0.217214
365; 0.217214
366; 0.217214
367; 0.217214
368; 0.217214
369; 0.217214
370; 0.217214
371; 0.217214
372; 0.217214
373; 0.217214
374; 0.217214
375; 0.217214
376; 0.217214
377; 0.217214
378; 0.217214
379; 0.217214
380; 0.217214
381; 0.217214
382; 0.217214
383; 0.217214
384; 0.217214
385; 0.217214
386; 0.217214
387; 0.217214
388; 0.217214
389; 0.217214
390; 0.217214
391; 0.217214
392; 0.217214
393; 0.217214
394; 0.217214
395; 0.217214
396; 0.217214
397; 0.217214
398; 0.217214
399; 0.217214
400; 0.217214
401; 0.217214
402; 0.217214
403; 0.217214
404; 0.217214
405; 0.217214
406; 0.217214
407; 0.217214
408; 0.217214
409; 0.217214
410; 0.217214
411; 0.217214
412; 0.217214
413; 0.217214
414; 0.217214
415; 0.217214
416; 0.217214
417; 0.217214
418; 0.217214
419; 0.217214
420; 0.217214
421; 0.217214
422; 0.217214
423; 0.217214
424; 0.217214
425; 0.217214
426; 0.217214
427; 0.217214
428; 0.217214
429; 0.217214
430; 0.217214
431; 0.217214
432; 0.217214
433; 0.217214
434; 0.217214
435; 0.217214
436; 0.217214
437; 0.217214
438; 0.217214
439; 0.217214
440; 0.217214
441; 0.217214
442; 0.217214
443; 0.217214
444; 0.217214
445; 0.217214
446; 0.217214
447; 0.217214
448; 0.217214
449; 0.217214
450; 0.217214
451; 0.217214
452; 0.217214
453; 0.217214
454; 0.217214
455; 0.217214
456; 0.217214
457; 0.217214
458; 0.217214
459; 0.217214
460; 0.217214
461; 0.217214
462; 0.217214
463; 0.217214
464; 0.217214
465; 0.217214
466; 0.217214
467; 0.217214
468; 0.217214
469; 0.217214
470; 0.217214
471; 0.217214
472; 0.217214
473; 0.217214
474; 0.217214
475; 0.217214
476; 0.217214
477; 0.217214
478; 0.217214
479; 0.217214
480; 0.217214
481; 0.217214
482; 0.217214
483; 0.217214
484; 0.217214
485; 0.217214
486; 0.217214
487; 0.217214
488; 0.217214
489; 0.217214
490; 0.217214
491; 0.217214
492; 0.217214
493; 0.217214
494; 0.217214
495; 0.217214
496; 0.217214
497; 0.217214
498; 0.217214
499; 0.217214
500; 0.217214
501; 0.217214
502; 0.217214
503; 0.217214
504; 0.217214
505; 0.217214
506; 0.217214
507; 0.217214
508; 0.217214
509; 0.217214
510; 0.217214
511; 0.217214
512; 0.217214
513; 0.217214
514; 0.217214
515; 0.217214
516; 0.217214
517; 0.217214
518; 0.217214
519; 0.217214
520; 0.217214
521; 0.217214
522; 0.217214
523; 0.217214
524; 0.217214
525; 0.217214
526; 0.217214
527; 0.217214
528; 0.217214
529; 0.217214
530; 0.217214
531; 0.217214
532; 0.217214
533; 0.217214
534; 0.217214
535; 0.217214
536; 0.217214
537; 0.217214
538; 0.217214
539; 0.217214
540; 0.217214
541; 0.217214
542; 0.217214
543; 0.217214
544; 0.217214
545; 0.217214
546; 0.217214
547; 0.217214
548; 0.217214
549; 0.217214
550; 0.217214
551; 0.217214
552; 0.217214
553; 0.217214
554; 0.217214
555; 0.217214
556; 0.217214
557; 0.217214
558; 0.217214
559; 0.217214
560; 0.217214
561; 0.217214
562; 0.217214
563; 0.217214
564; 0.217214
565; 0.217214
566; 0.217214
567; 0.217214
568; 0.217214
569; 0.217214
570; 0.217214
571; 0.217214
572; 0.217214
573; 0.217214
574; 0.217214
575; 0.217214
576; 0.217214
577; 0.217214
578; 0.217214
579; 0.217214
580; 0.217214
581; 0.217214
582; 0.217214
583; 0.217214
584; 0.217214
585; 0.217214
586; 0.217214
587; 0.217214
588; 0.217214
589; 0.217214
590; 0.217214
591; 0.217214
592; 0.217214
593; 0.217214
594; 0.217214
595; 0.217214
596; 0.217214
597; 0.217214
598; 0.217214
599; 0.217214
600; 0.217214
601; 0.217214
602; 0.217214
603; 0.217214
604; 0.217214
605; 0.217214
606; 0.217214
607; 0.217214
608; 0.217214
609; 0.217214
610; 0.217214
611; 0.217214
612; 0.217214
613; 0.217214
614; 0.217214
615; 0.217214
616; 0.217214
617; 0.217214
618; 0.217214
619; 0.217214
620; 0.217214
621; 0.217214
622; 0.217214
623; 0.217214
624; 0.217214
625; 0.217214
626; 0.217214
627; 0.217214
628; 0.217214
629; 0.217214
630; 0.217214
631; 0.217214
632; 0.217214
633; 0.217214
634; 0.217214
635; 0.217214
636; 0.217214
637; 0.217214
638; 0.217214
639; 0.217214
640; 0.217214
641; 0.217214
642; 0.217214
643; 0.217214
644; 0.217214
645; 0.217214
646; 0.217214
647; 0.217214
648; 0.217214
649; 0.217214
650; 0.217214
651; 0.217214
652; 0.217214
653; 0.217214
654; 0.217214
655; 0.217214
656; 0.217214
657; 0.217214
658; 0.217214
659; 0.217214
660; 0.217214
661; 0.217214
662; 0.217214
663; 0.217214
664; 0.217214
665; 0.217214
666; 0.217214
667; 0.217214
668; 0.217214
669; 0.217214
670; 0.217214
671; 0.217214
672; 0.217214
673; 0.217214
674; 0.217214
675; 0.217214
676; 0.217214
677; 0.217214
678; 0.217214
679; 0.217214
680; 0.217214
681; 0.217214
682; 0.217214
683; 0.217214
684; 0.217214
685; 0.217214
686; 0.217214
687; 0.217214
688; 0.217214
689; 0.217214
690; 0.217214
691; 0.217214
692; 0.217214
693; 0.217214
694; 0.217214
695; 0.217214
696; 0.217214
697; 0.217214
698; 0.217214
699; 0.217214
700; 0.217214
701; 0.217214
702; 0.217214
703; 0.217214
704; 0.217214
705; 0.217214
706; 0.217214
707; 0.217214
708; 0.217214
709; 0.217214
710; 0.217214
711; 0.217214
712; 0.217214
713; 0.217214
714; 0.217214
715; 0.217214
716; 0.217214
717; 0.217214
718; 0.217214
719; 0.217214
720; 0.217214
721; 0.217214
722; 0.217214
723; 0.217214
724; 0.217214
725; 0.217214
726; 0.217214
727; 0.217214
728; 0.217214
729; 0.217214
730; 0.217214
731; 0.217214
732; 0.217214
733; 0.217214
734; 0.217214
735; 0.217214
736; 0.217214
737; 0.217214
738; 0.217214
739; 0.217214
740; 0.217214
741; 0.217214
742; 0.217214
743; 0.217214
744; 0.217214
745; 0.217214
746; 0.217214
747; 0.217214
748; 0.217214
749; 0.217214
750; 0.217214
751; 0.217214
752; 0.217214
753; 0.217214
754; 0.217214
755; 0.217214
756; 0.217214
757; 0.217214
758; 0.217214
759; 0.217214
760; 0.217214
761; 0.217214
762; 0.217214
763; 0.217214
764; 0.217214
765; 0.217214
766; 0.217214
767; 0.217214
768; 0.217214
769; 0.217214
770; 0.217214
771; 0.217214
772; 0.217214
773; 0.217214
774; 0.217214
775; 0.217214
776; 0.217214
777; 0.217214
778; 0.217214
779; 0.217214
780; 0.217214
781; 0.217214
782; 0.217214
783; 0.217214
784; 0.217214
785; 0.217214
786; 0.217214
787; 0.217214
788; 0.217214
789; 0.217214
790; 0.217214
791; 0.217214
792; 0.217214
793; 0.217214
794; 0.217214
795; 0.217214
796; 0.217214
797; 0.217214
798; 0.217214
799; 0.217214
800; 0.217214
801; 0.217214
802; 0.217214
803; 0.217214
804; 0.217214
805; 0.217214
806; 0.217214
807; 0.217214
808; 0.217214
809; 0.217214
810; 0.217214
811; 0.217214
812; 0.217214
813; 0.217214
814; 0.217214
815; 0.217214
816; 0.217214
817; 0.217214
818; 0.217214
819; 0.217214
820; 0.217214
821; 0.217214
822; 0.217214
823; 0.217214
824; 0.217214
825; 0.217214
826; 0.217214
827; 0.217214
828; 0.217214
829; 0.217214
830; 0.217214
831; 0.217214
832; 0.217214
833; 0.217214
834; 0.217214
835; 0.217214
836; 0.217214
837; 0.217214
838; 0.217214
839; 0.217214
840; 0.217214
841; 0.217214
842; 0.217214
843; 0.217214
844; 0.217214
845; 0.217214
846; 0.217214
847; 0.217214
848; 0.217214
849; 0.217214
850; 0.217214
851; 0.217214
852; 0.217214
853; 0.217214
854; 0.217214
855; 0.217214
856; 0.217214
857; 0.217214
858; 0.217214
859; 0.217214
860; 0.217214
861; 0.217214
862; 0.217214
863; 0.217214
864; 0.217214
865; 0.217214
866; 0.217214
867; 0.217214
868; 0.217214
869; 0.217214
870; 0.217214
871; 0.217214
872; 0.217214
873; 0.217214
874; 0.217214
875; 0.217214
876; 0.217214
877; 0.217214
878; 0.217214
879; 0.217214
880; 0.217214
881; 0.217214
882; 0.217214
883; 0.217214
884; 0.217214
885; 0.217214
886; 0.217214
887; 0.217214
888; 0.217214
889; 0.217214
890; 0.217214
891; 0.217214
892; 0.217214
893; 0.217214
894; 0.217214
895; 0.217214
896; 0.217214
897; 0.217214
898; 0.217214
899; 0.217214
900; 0.217214
901; 0.217214
902; 0.217214
903; 0.217214
904; 0.217214
905; 0.217214
906; 0.217214
907; 0.217214
908; 0.217214
909; 0.217214
910; 0.217214
911; 0.217214
912; 0.217214
913; 0.217214
914; 0.217214
915; 0.217214
916; 0.217214
917; 0.217214
918; 0.217214
919; 0.217214
920; 0.217214
921; 0.217214
922; 0.217214
923; 0.217214
924; 0.217214
925; 0.217214
926; 0.217214
927; 0.217214
928; 0.217214
929; 0.217214
930; 0.217214
931; 0.217214
932; 0.217214
933; 0.217214
934; 0.217214
935; 0.217214
936; 0.217214
937; 0.217214
938; 0.217214
939; 0.217214
940; 0.217214
941; 0.217214
942; 0.217214
943; 0.217214
944; 0.217214
945; 0.217214
946; 0.217214
947; 0.217214
948; 0.217214
949; 0.217214
950; 0.217214
951; 0.217214
952; 0.217214
953; 0.217214
954; 0.217214
955; 0.217214
956; 0.217214
957; 0.217214
958; 0.217214
959; 0.217214
960; 0.217214
961; 0.217214
962; 0.217214
963; 0.217214
964; 0.217214
965; 0.217214
966; 0.217214
967; 0.217214
968; 0.217214
969; 0.217214
970; 0.217214
971; 0.217214
972; 0.217214
973; 0.217214
974; 0.217214
975; 0.217214
976; 0.217214
977; 0.217214
978; 0.217214
979; 0.217214
980; 0.217214
981; 0.217214
982; 0.217214
983; 0.217214
984; 0.217214
985; 0.217214
986; 0.217214
987; 0.217214
988; 0.217214
989; 0.217214
990; 0.217214
991; 0.217214
992; 0.217214
993; 0.217214
994; 0.217214
995; 0.217214
996; 0.217214
997; 0.217214
998; 0.217214
999; 0.217214
1000; 0.217214
1001; 0.217214
1002; 0.217214
1003; 0.217214
1004; 0.217214
1005; 0.217214
1006; 0.217214
1007; 0.217214
1008; 0.217214
1009; 0.217214
1010; 0.217214
1011; 0.217214
1012; 0.217214
1013; 0.217214
1014; 0.217214
1015; 0.217214
1016; 0.217214
1017; 0.217214
1018; 0.217214
1019; 0.217214
1020; 0.217214
1021; 0.217214
1022; 0.217214
1023; 0.217214
1024; 0.217214
1025; 0.217214
1026; 0.217214
1027; 0.217214
1028; 0.217214
1029; 0.217214
1030; 0.217214
1031; 0.217214
1032; 0.217214
1033; 0.217214
1034; 0.217214
1035; 0.217214
1036; 0.217214
1037; 0.217214
1038; 0.217214
1039; 0.217214
1040; 0.217214
1041; 0.217214
1042; 0.217214
1043; 0.217214
1044; 0.217214
1045; 0.217214
1046; 0.217214
1047; 0.217214
1048; 0.217214
1049; 0.217214
1050; 0.217214
1051; 0.217214
1052; 0.217214
1053; 0.217214
1054; 0.217214
1055; 0.217214
1056; 0.217214
1057; 0.217214
1058; 0.217214
1059; 0.217214
1060; 0.217214
1061; 0.217214
1062; 0.217214
1063; 0.217214
1064; 0.217214
1065; 0.217214
1066; 0.217214
1067; 0.217214
1068; 0.217214
1069; 0.217214
1070; 0.217214
1071; 0.217214
1072; 0.217214
1073; 0.217214
1074; 0.217214
1075; 0.217214
1076; 0.217214
1077; 0.217214
1078; 0.217214
1079; 0.217214
1080; 0.217214
1081; 0.217214
1082; 0.217214
1083; 0.217214
1084; 0.217214
1085; 0.217214
1086; 0.217214
1087; 0.217214
1088; 0.217214
1089; 0.217214
1090; 0.217214
1091; 0.217214
1092; 0.217214
1093; 0.217214
1094; 0.217214
1095; 0.217214
1096; 0.217214
1097; 0.217214
1098; 0.217214
1099; 0.217214
1100; 0.217214
1101; 0.217214
1102; 0.217214
1103; 0.217214
1104; 0.217214
1105; 0.217214
1106; 0.217214
1107; 0.217214
1108; 0.217214
1109; 0.217214
1110; 0.217214
1111; 0.217214
1112; 0.217214
1113; 0.217214
1114; 0.217214
1115; 0.217214
1116; 0.217214
1117; 0.217214
1118; 0.217214
1119; 0.217214
1120; 0.217214
1121; 0.217214
1122; 0.217214
1123; 0.217214
1124; 0.217214
1125; 0.217214
1126; 0.217214
1127; 0.217214
1128; 0.217214
1129; 0.217214
1130; 0.217214
1131; 0.217214
1132; 0.217214
1133; 0.217214
1134; 0.217214
1135; 0.217214
1136; 0.217214
1137; 0.217214
1138; 0.217214
1139; 0.217214
1140; 0.217214
1141; 0.217214
1142; 0.217214
1143; 0.217214
1144; 0.217214
1145; 0.217214
1146; 0.217214
1147; 0.217214
1148; 0.217214
1149; 0.217214
1150; 0.217214
1151; 0.217214
1152; 0.217214
1153; 0.217214
1154; 0.217214
1155; 0.217214
1156; 0.217214
1157; 0.217214
1158; 0.217214
1159; 0.217214
1160; 0.217214
1161; 0.217214
1162; 0.217214
1163; 0.217214
1164; 0.217214
1165; 0.217214
1166; 0.217214
1167; 0.217214
1168; 0.217214
1169; 0.217214
1170; 0.217214
1171; 0.217214
1172; 0.217214
1173; 0.217214
1174; 0.217214
1175; 0.217214
1176; 0.217214
1177; 0.217214
1178; 0.217214
1179; 0.217214
1180; 0.217214
1181; 0.217214
1182; 0.217214
1183; 0.217214
1184; 0.217214
1185; 0.217214
1186; 0.217214
1187; 0.217214
1188; 0.217214
1189; 0.217214
1190; 0.217214
1191; 0.217214
1192; 0.217214
1193; 0.217214
1194; 0.217214
1195; 0.217214
1196; 0.217214
1197; 0.217214
1198; 0.217214
1199; 0.217214
1200; 0.217214
1201; 0.217214
1202; 0.217214
1203; 0.217214
1204; 0.217214
1205; 0.217214
1206; 0.217214
1207; 0.217214
1208; 0.217214
1209; 0.217214
1210; 0.217214
1211; 0.217214
1212; 0.217214
1213; 0.217214
1214; 0.217214
1215; 0.217214
1216; 0.217214
1217; 0.217214
1218; 0.217214
1219; 0.217214
1220; 0.217214
1221; 0.217214
1222; 0.217214
1223; 0.217214
1224; 0.217214
1225; 0.217214
1226; 0.217214
1227; 0.217214
1228; 0.217214
1229; 0.217214
1230; 0.217214
1231; 0.217214
1232; 0.217214
1233; 0.217214
1234; 0.217214
1235; 0.217214
1236; 0.217214
1237; 0.217214
1238; 0.217214
1239; 0.217214
1240; 0.217214
1241; 0.217214
1242; 0.217214
1243; 0.217214
1244; 0.217214
1245; 0.217214
1246; 0.217214
1247; 0.217214
1248; 0.217214
1249; 0.217214
1250; 0.217214
1251; 0.217214
1252; 0.217214
1253; 0.217214
1254; 0.217214
1255; 0.217214
1256; 0.217214
1257; 0.217214
1258; 0.217214
1259; 0.217214
1260; 0.217214
1261; 0.217214
1262; 0.217214
1263; 0.217214
1264; 0.217214
1265; 0.217214
1266; 0.217214
1267; 0.217214
1268; 0.217214
1269; 0.217214
1270; 0.217214
1271; 0.217214
1272; 0.217214
1273; 0.217214
1274; 0.217214
1275; 0.217214
1276; 0.217214
1277; 0.217214
1278; 0.217214
1279; 0.217214
1280; 0.217214
1281; 0.217214
1282; 0.217214
1283; 0.217214
1284; 0.217214
1285; 0.217214
1286; 0.217214
1287; 0.217214
1288; 0.217214
1289; 0.217214
1290; 0.217214
1291; 0.217214
1292; 0.217214
1293; 0.217214
1294; 0.217214
1295; 0.217214
1296; 0.217214
1297; 0.217214
1298; 0.217214
1299; 0.217214
1300; 0.217214
1301; 0.217214
1302; 0.217214
1303; 0.217214
1304; 0.217214
1305; 0.217214
1306; 0.217214
1307; 0.217214
1308; 0.217214
1309; 0.217214
1310; 0.217214
1311; 0.217214
1312; 0.217214
1313; 0.217214
1314; 0.217214
1315; 0.217214
1316; 0.217214
1317; 0.217214
1318; 0.217214
1319; 0.217214
1320; 0.217214
1321; 0.217214
1322; 0.217214
1323; 0.217214
1324; 0.217214
1325; 0.217214
1326; 0.217214
1327; 0.217214
1328; 0.217214
1329; 0.217214
1330; 0.217214
1331; 0.217214
1332; 0.217214
1333; 0.217214
1334; 0.217214
1335; 0.217214
1336; 0.217214
1337; 0.217214
1338; 0.217214
1339; 0.217214
1340; 0.217214
1341; 0.217214
1342; 0.217214
1343; 0.217214
1344; 0.217214
1345; 0.217214
1346; 0.217214
1347; 0.217214
1348; 0.217214
1349; 0.217214
1350; 0.217214
1351; 0.217214
1352; 0.217214
1353; 0.217214
1354; 0.217214
1355; 0.217214
1356; 0.217214
1357; 0.217214
1358; 0.217214
1359; 0.217214
1360; 0.217214
1361; 0.217214
1362; 0.217214
1363; 0.217214
1364; 0.217214
1365; 0.217214
1366; 0.217214
1367; 0.217214
1368; 0.217214
1369; 0.217214
1370; 0.217214
1371; 0.217214
1372; 0.217214
1373; 0.217214
1374; 0.217214
1375; 0.217214
1376; 0.217214
1377; 0.217214
1378; 0.217214
1379; 0.217214
1380; 0.217214
1381; 0.217214
1382; 0.217214
1383; 0.217214
1384; 0.217214
1385; 0.217214
1386; 0.217214
1387; 0.217214
1388; 0.217214
1389; 0.217214
1390; 0.217214
1391; 0.217214
1392; 0.217214
1393; 0.217214
1394; 0.217214
1395; 0.217214
1396; 0.217214
1397; 0.217214
1398; 0.217214
1399; 0.217214
1400; 0.217214
1401; 0.217214
1402; 0.217214
1403; 0.217214
1404; 0.217214
1405; 0.217214
1406; 0.217214
1407; 0.217214
1408; 0.217214
1409; 0.217214
1410; 0.217214
1411; 0.217214
1412; 0.217214
1413; 0.217214
1414; 0.217214
1415; 0.217214
1416; 0.217214
1417; 0.217214
1418; 0.217214
1419; 0.217214
1420; 0.217214
1421; 0.217214
1422; 0.217214
1423; 0.217214
1424; 0.217214
1425; 0.217214
1426; 0.217214
1427; 0.217214
1428; 0.217214
1429; 0.217214
1430; 0.217214
1431; 0.217214
1432; 0.217214
1433; 0.217214
1434; 0.217214
1435; 0.217214
1436; 0.217214
1437; 0.217214
1438; 0.217214
1439; 0.217214
1440; 0.217214
1441; 0.217214
1442; 0.217214
1443; 0.217214
1444; 0.217214
1445; 0.217214
1446; 0.217214
1447; 0.217214
1448; 0.217214
1449; 0.217214
1450; 0.217214
1451; 0.217214
1452; 0.217214
1453; 0.217214
1454; 0.217214
1455; 0.217214
1456; 0.217214
1457; 0.217214
1458; 0.217214
1459; 0.217214
1460; 0.217214
1461; 0.217214
1462; 0.217214
1463; 0.217214
1464; 0.217214
1465; 0.217214
1466; 0.217214
1467; 0.217214
1468; 0.217214
1469; 0.217214
1470; 0.217214
1471; 0.217214
1472; 0.217214
1473; 0.217214
1474; 0.217214
1475; 0.217214
1476; 0.217214
1477; 0.217214
1478; 0.217214
1479; 0.217214
1480; 0.217214
1481; 0.217214
1482; 0.217214
1483; 0.217214
1484; 0.217214
1485; 0.217214
1486; 0.217214
1487; 0.217214
1488; 0.217214
1489; 0.217214
1490; 0.217214
1491; 0.217214
1492; 0.217214
1493; 0.217214
1494; 0.217214
1495; 0.217214
1496; 0.217214
1497; 0.217214
1498; 0.217214
1499; 0.217214
1500; 0.217214
1501; 0.217214
1502; 0.217214
1503; 0.217214
1504; 0.217214
1505; 0.217214
1506; 0.217214
1507; 0.217214
1508; 0.217214
1509; 0.217214
1510; 0.217214
1511; 0.217214
1512; 0.217214
1513; 0.217214
1514; 0.217214
1515; 0.217214
1516; 0.217214
1517; 0.217214
1518; 0.217214
1519; 0.217214
1520; 0.217214
1521; 0.217214
1522; 0.217214
1523; 0.217214
1524; 0.217214
1525; 0.217214
1526; 0.217214
1527; 0.217214
1528; 0.217214
1529; 0.217214
1530; 0.217214
1531; 0.217214
1532; 0.217214
1533; 0.217214
1534; 0.217214
1535; 0.217214
1536; 0.217214
1537; 0.217214
1538; 0.217214
1539; 0.217214
1540; 0.217214
1541; 0.217214
1542; 0.217214
1543; 0.217214
1544; 0.217214
1545; 0.217214
1546; 0.217214
1547; 0.217214
1548; 0.217214
1549; 0.217214
1550; 0.217214
1551; 0.217214
1552; 0.217214
1553; 0.217214
1554; 0.217214
1555; 0.217214
1556; 0.217214
1557; 0.217214
1558; 0.217214
1559; 0.217214
1560; 0.217214
1561; 0.217214
1562; 0.217214
1563; 0.217214
1564; 0.217214
1565; 0.217214
1566; 0.217214
1567; 0.217214
1568; 0.217214
1569; 0.217214
1570; 0.217214
1571; 0.217214
1572; 0.217214
1573; 0.217214
1574; 0.217214
1575; 0.217214
1576; 0.217214
1577; 0.217214
1578; 0.217214
1579; 0.217214
1580; 0.217214
1581; 0.217214
1582; 0.217214
1583; 0.217214
1584; 0.217214
1585; 0.217214
1586; 0.217214
1587; 0.217214
1588; 0.217214
1589; 0.217214
1590; 0.217214
1591; 0.217214
1592; 0.217214
1593; 0.217214
1594; 0.217214
1595; 0.217214
1596; 0.217214
1597; 0.217214
1598; 0.217214
1599; 0.217214
1600; 0.217214
1601; 0.217214
1602; 0.217214
1603; 0.217214
1604; 0.217214
1605; 0.217214
1606; 0.217214
1607; 0.217214
1608; 0.217214
1609; 0.217214
1610; 0.217214
1611; 0.217214
1612; 0.217214
1613; 0.217214
1614; 0.217214
1615; 0.217214
1616; 0.217214
1617; 0.217214
1618; 0.217214
1619; 0.217214
1620; 0.217214
1621; 0.217214
1622; 0.217214
1623; 0.217214
1624; 0.217214
1625; 0.217214
1626; 0.217214
1627; 0.217214
1628; 0.217214
1629; 0.217214
1630; 0.217214
1631; 0.217214
1632; 0.217214
1633; 0.217214
1634; 0.217214
1635; 0.217214
1636; 0.217214
1637; 0.217214
1638; 0.217214
1639; 0.217214
1640; 0.217214
1641; 0.217214
1642; 0.217214
1643; 0.217214
1644; 0.217214
1645; 0.217214
1646; 0.217214
1647; 0.217214
1648; 0.217214
1649; 0.217214
1650; 0.217214
1651; 0.217214
1652; 0.217214
1653; 0.217214
1654; 0.217214
1655; 0.217214
1656; 0.217214
1657; 0.217214
1658; 0.217214
1659; 0.217214
1660; 0.217214
1661; 0.217214
1662; 0.217214
1663; 0.217214
1664; 0.217214
1665; 0.217214
1666; 0.217214
1667; 0.217214
1668; 0.217214
1669; 0.217214
1670; 0.217214
1671; 0.217214
1672; 0.217214
1673; 0.217214
1674; 0.217214
1675; 0.217214
1676; 0.217214
1677; 0.217214
1678; 0.217214
1679; 0.217214
1680; 0.217214
1681; 0.217214
1682; 0.217214
1683; 0.217214
1684; 0.217214
1685; 0.217214
1686; 0.217214
1687; 0.217214
1688; 0.217214
1689; 0.217214
1690; 0.217214
1691; 0.217214
1692; 0.217214
1693; 0.217214
1694; 0.217214
1695; 0.217214
1696; 0.217214
1697; 0.217214
1698; 0.217214
1699; 0.217214
1700; 0.217214
1701; 0.217214
1702; 0.217214
1703; 0.217214
1704; 0.217214
1705; 0.217214
1706; 0.217214
1707; 0.217214
1708; 0.217214
1709; 0.217214
1710; 0.217214
1711; 0.217214
1712; 0.217214
1713; 0.217214
1714; 0.217214
1715; 0.217214
1716; 0.217214
1717; 0.217214
1718; 0.217214
1719; 0.217214
1720; 0.217214
1721; 0.217214
1722; 0.217214
1723; 0.217214
1724; 0.217214
1725; 0.217214
1726; 0.217214
1727; 0.217214
1728; 0.217214
1729; 0.217214
1730; 0.217214
1731; 0.217214
1732; 0.217214
1733; 0.217214
1734; 0.217214
1735; 0.217214
1736; 0.217214
1737; 0.217214
1738; 0.217214
1739; 0.217214
1740; 0.217214
1741; 0.217214
1742; 0.217214
1743; 0.217214
1744; 0.217214
1745; 0.217214
1746; 0.217214
1747; 0.217214
1748; 0.217214
1749; 0.217214
1750; 0.217214
1751; 0.217214
1752; 0.217214
1753; 0.217214
1754; 0.217214
1755; 0.217214
1756; 0.217214
1757; 0.217214
1758; 0.217214
1759; 0.217214
1760; 0.217214
1761; 0.217214
1762; 0.217214
1763; 0.217214
1764; 0.217214
1765; 0.217214
1766; 0.217214
1767; 0.217214
1768; 0.217214
1769; 0.217214
1770; 0.217214
1771; 0.217214
1772; 0.217214
1773; 0.217214
1774; 0.217214
1775; 0.217214
1776; 0.217214
1777; 0.217214
1778; 0.217214
1779; 0.217214
1780; 0.217214
1781; 0.217214
1782; 0.217214
1783; 0.217214
1784; 0.217214
1785; 0.217214
1786; 0.217214
1787; 0.217214
1788; 0.217214
1789; 0.217214
1790; 0.217214
1791; 0.217214
1792; 0.217214
1793; 0.217214
1794; 0.217214
1795; 0.217214
1796; 0.217214
1797; 0.217214
1798; 0.217214
1799; 0.217214
1800; 0.217214
1801; 0.217214
1802; 0.217214
1803; 0.217214
1804; 0.217214
1805; 0.217214
1806; 0.217214
1807; 0.217214
1808; 0.217214
1809; 0.217214
1810; 0.217214
1811; 0.217214
1812; 0.217214
1813; 0.217214
1814; 0.217214
1815; 0.217214
1816; 0.217214
1817; 0.217214
1818; 0.217214
1819; 0.217214
1820; 0.217214
1821; 0.217214
1822; 0.217214
1823; 0.217214
1824; 0.217214
1825; 0.217214
1826; 0.217214
1827; 0.217214
1828; 0.217214
1829; 0.217214
1830; 0.217214
1831; 0.217214
1832; 0.217214
1833; 0.217214
1834; 0.217214
1835; 0.217214
1836; 0.217214
1837; 0.217214
1838; 0.217214
1839; 0.217214
1840; 0.217214
1841; 0.217214
1842; 0.217214
1843; 0.217214
1844; 0.217214
1845; 0.217214
1846; 0.217214
1847; 0.217214
1848; 0.217214
1849; 0.217214
1850; 0.217214
1851; 0.217214
1852; 0.217214
1853; 0.217214
1854; 0.217214
1855; 0.217214
1856; 0.217214
1857; 0.217214
1858; 0.217214
1859; 0.217214
1860; 0.217214
1861; 0.217214
1862; 0.217214
1863; 0.217214
1864; 0.217214
1865; 0.217214
1866; 0.217214
1867; 0.217214
1868; 0.217214
1869; 0.217214
1870; 0.217214
1871; 0.217214
1872; 0.217214
1873; 0.217214
1874; 0.217214
1875; 0.217214
1876; 0.217214
1877; 0.217214
1878; 0.217214
1879; 0.217214
1880; 0.217214
1881; 0.217214
1882; 0.217214
1883; 0.217214
1884; 0.217214
1885; 0.217214
1886; 0.217214
1887; 0.217214
1888; 0.217214
1889; 0.217214
1890; 0.217214
1891; 0.217214
1892; 0.217214
1893; 0.217214
1894; 0.217214
1895; 0.217214
1896; 0.217214
1897; 0.217214
1898; 0.217214
1899; 0.217214
1900; 0.217214
1901; 0.217214
1902; 0.217214
1903; 0.217214
1904; 0.217214
1905; 0.217214
1906; 0.217214
1907; 0.217214
1908; 0.217214
1909; 0.217214
1910; 0.217214
1911; 0.217214
1912; 0.217214
1913; 0.217214
1914; 0.217214
1915; 0.217214
1916; 0.217214
1917; 0.217214
1918; 0.217214
1919; 0.217214
1920; 0.217214
1921; 0.217214
1922; 0.217214
1923; 0.217214
1924; 0.217214
1925; 0.217214
1926; 0.217214
1927; 0.217214
1928; 0.217214
1929; 0.217214
1930; 0.217214
1931; 0.217214
1932; 0.217214
1933; 0.217214
1934; 0.217214
1935; 0.217214
1936; 0.217214
1937; 0.217214
1938; 0.217214
1939; 0.217214
1940; 0.217214
1941; 0.217214
1942; 0.217214
1943; 0.217214
1944; 0.217214
1945; 0.217214
1946; 0.217214
1947; 0.217214
1948; 0.217214
1949; 0.217214
1950; 0.217214
1951; 0.217214
1952; 0.217214
1953; 0.217214
1954; 0.217214
1955; 0.217214
1956; 0.217214
1957; 0.217214
1958; 0.217214
1959; 0.217214
1960; 0.217214
1961; 0.217214
1962; 0.217214
1963; 0.217214
1964; 0.217214
1965; 0.217214
1966; 0.217214
1967; 0.217214
1968; 0.217214
1969; 0.217214
1970; 0.217214
1971; 0.217214
1972; 0.217214
1973; 0.217214
1974; 0.217214
1975; 0.217214
1976; 0.217214
1977; 0.217214
1978; 0.217214
1979; 0.217214
1980; 0.217214
1981; 0.217214
1982; 0.217214
1983; 0.217214
1984; 0.217214
1985; 0.217214
1986; 0.217214
1987; 0.217214
1988; 0.217214
1989; 0.217214
1990; 0.217214
1991; 0.217214
1992; 0.217214
1993; 0.217214
1994; 0.217214
1995; 0.217214
1996; 0.217214
1997; 0.217214
1998; 0.217214
1999; 0.217214
2000; 0.217214
2001; 0.217214
2002; 0.217214
2003; 0.217214
2004; 0.217214
2005; 0.217214
2006; 0.217214
2007; 0.217214
2008; 0.217214
2009; 0.217214
2010; 0.217214
2011; 0.217214
2012; 0.217214
2013; 0.217214
2014; 0.217214
2015; 0.217214
2016; 0.217214
2017; 0.217214
2018; 0.217214
2019; 0.217214
2020; 0.217214
2021; 0.217214
2022; 0.217214
2023; 0.217214
2024; 0.217214
2025; 0.217214
2026; 0.217214
2027; 0.217214
2028; 0.217214
2029; 0.217214
2030; 0.217214
2031; 0.217214
2032; 0.217214
2033; 0.217214
2034; 0.217214
2035; 0.217214
2036; 0.217214
2037; 0.217214
2038; 0.217214
2039; 0.217214
2040; 0.217214
2041; 0.217214
2042; 0.217214
2043; 0.217214
2044; 0.217214
2045; 0.217214
2046; 0.217214
2047; 0.217214
2048; 0.217214
2049; 0.217214
2050; 0.217214
2051; 0.217214
2052; 0.217214
2053; 0.217214
2054; 0.217214
2055; 0.217214
2056; 0.217214
2057; 0.217214
2058; 0.217214
2059; 0.217214
2060; 0.217214
2061; 0.217214
2062; 0.217214
2063; 0.217214
2064; 0.217214
2065; 0.217214
2066; 0.217214
2067; 0.217214
2068; 0.217214
2069; 0.217214
2070; 0.217214
2071; 0.217214
2072; 0.217214
2073; 0.217214
2074; 0.217214
2075; 0.217214
2076; 0.217214
2077; 0.217214
2078; 0.217214
2079; 0.217214
2080; 0.217214
2081; 0.217214
2082; 0.217214
2083; 0.217214
2084; 0.217214
2085; 0.217214
2086; 0.217214
2087; 0.217214
2088; 0.217214
2089; 0.217214
2090; 0.217214
2091; 0.217214
2092; 0.217214
2093; 0.217214
2094; 0.217214
2095; 0.217214
2096; 0.217214
2097; 0.217214
2098; 0.217214
2099; 0.217214
2100; 0.217214
2101; 0.217214
2102; 0.217214
2103; 0.217214
2104; 0.217214
2105; 0.217214
2106; 0.217214
2107; 0.217214
2108; 0.217214
2109; 0.217214
2110; 0.217214
2111; 0.217214
2112; 0.217214
2113; 0.217214
2114; 0.217214
2115; 0.217214
2116; 0.217214
2117; 0.217214
2118; 0.217214
2119; 0.217214
2120; 0.217214
2121; 0.217214
2122; 0.217214
2123; 0.217214
2124; 0.217214
2125; 0.217214
2126; 0.217214
2127; 0.217214
2128; 0.217214
2129; 0.217214
2130; 0.217214
2131; 0.217214
2132; 0.217214
2133; 0.217214
2134; 0.217214
2135; 0.217214
2136; 0.217214
2137; 0.217214
2138; 0.217214
2139; 0.217214
2140; 0.217214
2141; 0.217214
2142; 0.217214
2143; 0.217214
2144; 0.217214
2145; 0.217214
2146; 0.217214
2147; 0.217214
2148; 0.217214
2149; 0.217214
2150; 0.217214
2151; 0.217214
2152; 0.217214
2153; 0.217214
2154; 0.217214
2155; 0.217214
2156; 0.217214
2157; 0.217214
2158; 0.217214
2159; 0.217214
2160; 0.217214
2161; 0.217214
2162; 0.217214
2163; 0.217214
2164; 0.217214
2165; 0.217214
2166; 0.217214
2167; 0.217214
2168; 0.217214
2169; 0.217214
2170; 0.217214
2171; 0.217214
2172; 0.217214
2173; 0.217214
2174; 0.217214
2175; 0.217214
2176; 0.217214
2177; 0.217214
2178; 0.217214
2179; 0.217214
2180; 0.217214
2181; 0.217214
2182; 0.217214
2183; 0.217214
2184; 0.217214
2185; 0.217214
2186; 0.217214
2187; 0.217214
2188; 0.217214
2189; 0.217214
2190; 0.217214
2191; 0.217214
2192; 0.217214
2193; 0.217214
2194; 0.217214
2195; 0.217214
2196; 0.217214
2197; 0.217214
2198; 0.217214
2199; 0.217214
2200; 0.217214
2201; 0.217214
2202; 0.217214
2203; 0.217214
2204; 0.217214
2205; 0.217214
2206; 0.217214
2207; 0.217214
2208; 0.217214
2209; 0.217214
2210; 0.217214
2211; 0.217214
2212; 0.217214
2213; 0.217214
2214; 0.217214
2215; 0.217214
2216; 0.217214
2217; 0.217214
2218; 0.217214
2219; 0.217214
2220; 0.217214
2221; 0.217214
2222; 0.217214
2223; 0.217214
2224; 0.217214
2225; 0.217214
2226; 0.217214
2227; 0.217214
2228; 0.217214
2229; 0.217214
2230; 0.217214
2231; 0.217214
2232; 0.217214
2233; 0.217214
2234; 0.217214
2235; 0.217214
2236; 0.217214
2237; 0.217214
2238; 0.217214
2239; 0.217214
2240; 0.217214
2241; 0.217214
2242; 0.217214
2243; 0.217214
2244; 0.217214
2245; 0.217214
2246; 0.217214
2247; 0.217214
2248; 0.217214
2249; 0.217214
2250; 0.217214
2251; 0.217214
2252; 0.217214
2253; 0.217214
2254; 0.217214
2255; 0.217214
2256; 0.217214
2257; 0.217214
2258; 0.217214
2259; 0.217214
2260; 0.217214
2261; 0.217214
2262; 0.217214
2263; 0.217214
2264; 0.217214
2265; 0.217214
2266; 0.217214
2267; 0.217214
2268; 0.217214
2269; 0.217214
2270; 0.217214
2271; 0.217214
2272; 0.217214
2273; 0.217214
2274; 0.217214
2275; 0.217214
2276; 0.217214
2277; 0.217214
2278; 0.217214
2279; 0.217214
2280; 0.217214
2281; 0.217214
2282; 0.217214
2283; 0.217214
2284; 0.217214
2285; 0.217214
2286; 0.217214
2287; 0.217214
2288; 0.217214
2289; 0.217214
2290; 0.217214
2291; 0.217214
2292; 0.217214
2293; 0.217214
2294; 0.217214
2295; 0.217214
2296; 0.217214
2297; 0.217214
2298; 0.217214
2299; 0.217214
2300; 0.217214
2301; 0.217214
2302; 0.217214
2303; 0.217214
2304; 0.217214
2305; 0.217214
2306; 0.217214
2307; 0.217214
2308; 0.217214
2309; 0.217214
2310; 0.217214
2311; 0.217214
2312; 0.217214
2313; 0.217214
2314; 0.217214
2315; 0.217214
2316; 0.217214
2317; 0.217214
2318; 0.217214
2319; 0.217214
2320; 0.217214
2321; 0.217214
2322; 0.217214
2323; 0.217214
2324; 0.217214
2325; 0.217214
2326; 0.217214
2327; 0.217214
2328; 0.217214
2329; 0.217214
2330; 0.217214
2331; 0.217214
2332; 0.217214
2333; 0.217214
2334; 0.217214
2335; 0.217214
2336; 0.217214
2337; 0.217214
2338; 0.217214
2339; 0.217214
2340; 0.217214
2341; 0.217214
2342; 0.217214
2343; 0.217214
2344; 0.217214
2345; 0.217214
2346; 0.217214
2347; 0.217214
2348; 0.217214
2349; 0.217214
2350; 0.217214
2351; 0.217214
2352; 0.217214
2353; 0.217214
2354; 0.217214
2355; 0.217214
2356; 0.217214
2357; 0.217214
2358; 0.217214
2359; 0.217214
2360; 0.217214
2361; 0.217214
2362; 0.217214
2363; 0.217214
2364; 0.217214
2365; 0.217214
2366; 0.217214
2367; 0.217214
2368; 0.217214
2369; 0.217214
2370; 0.217214
2371; 0.217214
2372; 0.217214
2373; 0.217214
2374; 0.217214
2375; 0.217214
2376; 0.217214
2377; 0.217214
2378; 0.217214
2379; 0.217214
2380; 0.217214
2381; 0.217214
2382; 0.217214
2383; 0.217214
2384; 0.217214
2385; 0.217214
2386; 0.217214
2387; 0.217214
2388; 0.217214
2389; 0.217214
2390; 0.217214
2391; 0.217214
2392; 0.217214
2393; 0.217214
2394; 0.217214
2395; 0.217214
2396; 0.217214
2397; 0.217214
2398; 0.217214
2399; 0.217214
2400; 0.217214
2401; 0.217214
2402; 0.217214
2403; 0.217214
2404; 0.217214
2405; 0.217214
2406; 0.217214
2407; 0.217214
2408; 0.217214
2409; 0.217214
2410; 0.217214
2411; 0.217214
2412; 0.217214
2413; 0.217214
2414; 0.217214
2415; 0.217214
2416; 0.217214
2417; 0.217214
2418; 0.217214
2419; 0.217214
2420; 0.217214
2421; 0.217214
2422; 0.217214
2423; 0.217214
2424; 0.217214
2425; 0.217214
2426; 0.217214
2427; 0.217214
2428; 0.217214
2429; 0.217214
2430; 0.217214
2431; 0.217214
2432; 0.217214
2433; 0.217214
2434; 0.217214
2435; 0.217214
2436; 0.217214
2437; 0.217214
2438; 0.217214
2439; 0.217214
2440; 0.217214
2441; 0.217214
2442; 0.217214
2443; 0.217214
2444; 0.217214
2445; 0.217214
2446; 0.217214
2447; 0.217214
2448; 0.217214
2449; 0.217214
2450; 0.217214
2451; 0.217214
2452; 0.217214
2453; 0.217214
2454; 0.217214
2455; 0.217214
2456; 0.217214
2457; 0.217214
2458; 0.217214
2459; 0.217214
2460; 0.217214
2461; 0.217214
2462; 0.217214
2463; 0.217214
2464; 0.217214
2465; 0.217214
2466; 0.217214
2467; 0.217214
2468; 0.217214
2469; 0.217214
2470; 0.217214
2471; 0.217214
2472; 0.217214
2473; 0.217214
2474; 0.217214
2475; 0.217214
2476; 0.217214
2477; 0.217214
2478; 0.217214
2479; 0.217214
2480; 0.217214
2481; 0.217214
2482; 0.217214
2483; 0.217214
2484; 0.217214
2485; 0.217214
2486; 0.217214
2487; 0.217214
2488; 0.217214
2489; 0.217214
2490; 0.217214
2491; 0.217214
2492; 0.217214
2493; 0.217214
2494; 0.217214
2495; 0.217214
2496; 0.217214
2497; 0.217214
2498; 0.217214
2499; 0.217214
2500; 0.217214
2501; 0.217214
2502; 0.217214
2503; 0.217214
2504; 0.217214
2505; 0.217214
2506; 0.217214
2507; 0.217214
2508; 0.217214
2509; 0.217214
2510; 0.217214
2511; 0.217214
2512; 0.217214
2513; 0.217214
2514; 0.217214
2515; 0.217214
2516; 0.217214
2517; 0.217214
2518; 0.217214
2519; 0.217214
2520; 0.217214
2521; 0.217214
2522; 0.217214
2523; 0.217214
2524; 0.217214
2525; 0.217214
2526; 0.217214
2527; 0.217214
2528; 0.217214
2529; 0.217214
2530; 0.217214
2531; 0.217214
2532; 0.217214
2533; 0.217214
2534; 0.217214
2535; 0.217214
2536; 0.217214
2537; 0.217214
2538; 0.217214
2539; 0.217214
2540; 0.217214
2541; 0.217214
2542; 0.217214
2543; 0.217214
2544; 0.217214
2545; 0.217214
2546; 0.217214
2547; 0.217214
2548; 0.217214
2549; 0.217214
2550; 0.217214
2551; 0.217214
2552; 0.217214
2553; 0.217214
2554; 0.217214
2555; 0.217214
2556; 0.217214
2557; 0.217214
2558; 0.217214
2559; 0.217214
2560; 0.217214
2561; 0.217214
2562; 0.217214
2563; 0.217214
2564; 0.217214
2565; 0.217214
2566; 0.217214
2567; 0.217214
2568; 0.217214
2569; 0.217214
2570; 0.217214
2571; 0.217214
2572; 0.217214
2573; 0.217214
2574; 0.217214
2575; 0.217214
2576; 0.217214
2577; 0.217214
2578; 0.217214
2579; 0.217214
2580; 0.217214
2581; 0.217214
2582; 0.217214
2583; 0.217214
2584; 0.217214
2585; 0.217214
2586; 0.217214
2587; 0.217214
2588; 0.217214
2589; 0.217214
2590; 0.217214
2591; 0.217214
2592; 0.217214
2593; 0.217214
2594; 0.217214
2595; 0.217214
2596; 0.217214
2597; 0.217214
2598; 0.217214
2599; 0.217214
2600; 0.217214
2601; 0.217214
2602; 0.217214
2603; 0.217214
2604; 0.217214
2605; 0.217214
2606; 0.217214
2607; 0.217214
2608; 0.217214
2609; 0.217214
2610; 0.217214
2611; 0.217214
2612; 0.217214
2613; 0.217214
2614; 0.217214
2615; 0.217214
2616; 0.217214
2617; 0.217214
2618; 0.217214
2619; 0.217214
2620; 0.217214
2621; 0.217214
2622; 0.217214
2623; 0.217214
2624; 0.217214
2625; 0.217214
2626; 0.217214
2627; 0.217214
2628; 0.217214
2629; 0.217214
2630; 0.217214
2631; 0.217214
2632; 0.217214
2633; 0.217214
2634; 0.217214
2635; 0.217214
2636; 0.217214
2637; 0.217214
2638; 0.217214
2639; 0.217214
2640; 0.217214
2641; 0.217214
2642; 0.217214
2643; 0.217214
2644; 0.217214
2645; 0.217214
2646; 0.217214
2647; 0.217214
2648; 0.217214
2649; 0.217214
2650; 0.217214
2651; 0.217214
2652; 0.217214
2653; 0.217214
2654; 0.217214
2655; 0.217214
2656; 0.217214
2657; 0.217214
2658; 0.217214
2659; 0.217214
2660; 0.217214
2661; 0.217214
2662; 0.217214
2663; 0.217214
2664; 0.217214
2665; 0.217214
2666; 0.217214
2667; 0.217214
2668; 0.217214
2669; 0.217214
2670; 0.217214
2671; 0.217214
2672; 0.217214
2673; 0.217214
2674; 0.217214
2675; 0.217214
2676; 0.217214
2677; 0.217214
2678; 0.217214
2679; 0.217214
2680; 0.217214
2681; 0.217214
2682; 0.217214
2683; 0.217214
2684; 0.217214
2685; 0.217214
2686; 0.217214
2687; 0.217214
2688; 0.217214
2689; 0.217214
2690; 0.217214
2691; 0.217214
2692; 0.217214
2693; 0.217214
2694; 0.217214
2695; 0.217214
2696; 0.217214
2697; 0.217214
2698; 0.217214
2699; 0.217214
2700; 0.217214
2701; 0.217214
2702; 0.217214
2703; 0.217214
2704; 0.217214
2705; 0.217214
2706; 0.217214
2707; 0.217214
2708; 0.217214
2709; 0.217214
2710; 0.217214
2711; 0.217214
2712; 0.217214
2713; 0.217214
2714; 0.217214
2715; 0.217214
2716; 0.217214
2717; 0.217214
2718; 0.217214
2719; 0.217214
2720; 0.217214
2721; 0.217214
2722; 0.217214
2723; 0.217214
2724; 0.217214
2725; 0.217214
2726; 0.217214
2727; 0.217214
2728; 0.217214
2729; 0.217214
2730; 0.217214
2731; 0.217214
2732; 0.217214
2733; 0.217214
2734; 0.217214
2735; 0.217214
2736; 0.217214
2737; 0.217214
2738; 0.217214
2739; 0.217214
2740; 0.217214
2741; 0.217214
2742; 0.217214
2743; 0.217214
2744; 0.217214
2745; 0.217214
2746; 0.217214
2747; 0.217214
2748; 0.217214
2749; 0.217214
2750; 0.217214
2751; 0.217214
2752; 0.217214
2753; 0.217214
2754; 0.217214
2755; 0.217214
2756; 0.217214
2757; 0.217214
2758; 0.217214
2759; 0.217214
2760; 0.217214
2761; 0.217214
2762; 0.217214
2763; 0.217214
2764; 0.217214
2765; 0.217214
2766; 0.217214
2767; 0.217214
2768; 0.217214
2769; 0.217214
2770; 0.217214
2771; 0.217214
2772; 0.217214
2773; 0.217214
2774; 0.217214
2775; 0.217214
2776; 0.217214
2777; 0.217214
2778; 0.217214
2779; 0.217214
2780; 0.217214
2781; 0.217214
2782; 0.217214
2783; 0.217214
2784; 0.217214
2785; 0.217214
2786; 0.217214
2787; 0.217214
2788; 0.217214
2789; 0.217214
2790; 0.217214
2791; 0.217214
2792; 0.217214
2793; 0.217214
2794; 0.217214
2795; 0.217214
2796; 0.217214
2797; 0.217214
2798; 0.217214
2799; 0.217214
2800; 0.217214
2801; 0.217214
2802; 0.217214
2803; 0.217214
2804; 0.217214
2805; 0.217214
2806; 0.217214
2807; 0.217214
2808; 0.217214
2809; 0.217214
2810; 0.217214
2811; 0.217214
2812; 0.217214
2813; 0.217214
2814; 0.217214
2815; 0.217214
2816; 0.217214
2817; 0.217214
2818; 0.217214
2819; 0.217214
2820; 0.217214
2821; 0.217214
2822; 0.217214
2823; 0.217214
2824; 0.217214
2825; 0.217214
2826; 0.217214
2827; 0.217214
2828; 0.217214
2829; 0.217214
2830; 0.217214
2831; 0.217214
2832; 0.217214
2833; 0.217214
2834; 0.217214
2835; 0.217214
2836; 0.217214
2837; 0.217214
2838; 0.217214
2839; 0.217214
2840; 0.217214
2841; 0.217214
2842; 0.217214
2843; 0.217214
2844; 0.217214
2845; 0.217214
2846; 0.217214
2847; 0.217214
2848; 0.217214
2849; 0.217214
2850; 0.217214
2851; 0.217214
2852; 0.217214
2853; 0.217214
2854; 0.217214
2855; 0.217214
2856; 0.217214
2857; 0.217214
2858; 0.217214
2859; 0.217214
2860; 0.217214
2861; 0.217214
2862; 0.217214
2863; 0.217214
2864; 0.217214
2865; 0.217214
2866; 0.217214
2867; 0.217214
2868; 0.217214
2869; 0.217214
2870; 0.217214
2871; 0.217214
2872; 0.217214
2873; 0.217214
2874; 0.217214
2875; 0.217214
2876; 0.217214
2877; 0.217214
2878; 0.217214
2879; 0.217214
2880; 0.217214
2881; 0.217214
2882; 0.217214
2883; 0.217214
2884; 0.217214
2885; 0.217214
2886; 0.217214
2887; 0.217214
2888; 0.217214
2889; 0.217214
2890; 0.217214
2891; 0.217214
2892; 0.217214
2893; 0.217214
2894; 0.217214
2895; 0.217214
2896; 0.217214
2897; 0.217214
2898; 0.217214
2899; 0.217214
2900; 0.217214
2901; 0.217214
2902; 0.217214
2903; 0.217214
2904; 0.217214
2905; 0.217214
2906; 0.217214
2907; 0.217214
2908; 0.217214
2909; 0.217214
2910; 0.217214
2911; 0.217214
2912; 0.217214
2913; 0.217214
2914; 0.217214
2915; 0.217214
2916; 0.217214
2917; 0.217214
2918; 0.217214
2919; 0.217214
2920; 0.217214
2921; 0.217214
2922; 0.217214
2923; 0.217214
2924; 0.217214
2925; 0.217214
2926; 0.217214
2927; 0.217214
2928; 0.217214
2929; 0.217214
2930; 0.217214
2931; 0.217214
2932; 0.217214
2933; 0.217214
2934; 0.217214
2935; 0.217214
2936; 0.217214
2937; 0.217214
2938; 0.217214
2939; 0.217214
2940; 0.217214
2941; 0.217214
2942; 0.217214
2943; 0.217214
2944; 0.217214
2945; 0.217214
2946; 0.217214
2947; 0.217214
2948; 0.217214
2949; 0.217214
2950; 0.217214
2951; 0.217214
2952; 0.217214
2953; 0.217214
2954; 0.217214
2955; 0.217214
2956; 0.217214
2957; 0.217214
2958; 0.217214
2959; 0.217214
2960; 0.217214
2961; 0.217214
2962; 0.217214
2963; 0.217214
2964; 0.217214
2965; 0.217214
2966; 0.217214
2967; 0.217214
2968; 0.217214
2969; 0.217214
2970; 0.217214
2971; 0.217214
2972; 0.217214
2973; 0.217214
2974; 0.217214
2975; 0.217214
2976; 0.217214
2977; 0.217214
2978; 0.217214
2979; 0.217214
2980; 0.217214
2981; 0.217214
2982; 0.217214
2983; 0.217214
2984; 0.217214
2985; 0.217214
2986; 0.217214
2987; 0.217214
2988; 0.217214
2989; 0.217214
2990; 0.217214
2991; 0.217214
2992; 0.217214
2993; 0.217214
2994; 0.217214
2995; 0.217214
2996; 0.217214
2997; 0.217214
2998; 0.217214
2999; 0.217214
